<?xml version="1.0" encoding="UTF-8"?>
<!-- Generated by org.testng.reporters.JUnitReportReporter -->
<testsuite hostname="sainaresh-PC" name="com.wordpress.testcases.ValidateWordPressValidLogin" tests="1" failures="0" timestamp="19 Nov 2015 10:57:01 GMT" time="88.826" errors="0">
  <testcase name="validatevalidLogin" time="88.826" classname="com.wordpress.testcases.ValidateWordPressValidLogin"/>
</testsuite> <!-- com.wordpress.testcases.ValidateWordPressValidLogin -->
