<?xml version="1.0" encoding="UTF-8"?>
<!-- Generated by org.testng.reporters.JUnitReportReporter -->
<testsuite hostname="sainaresh-PC" name="calander.CalanderTesting" tests="1" failures="0" timestamp="4 Oct 2015 19:14:58 GMT" time="47.795" errors="0">
  <testcase name="calanderTest" time="47.795" classname="calander.CalanderTesting"/>
</testsuite> <!-- calander.CalanderTesting -->
