<?xml version="1.0" encoding="UTF-8"?>
<!-- Generated by org.testng.reporters.JUnitReportReporter -->
<testsuite hostname="sainaresh-PC" name="webtable.StaticWebtable3" tests="1" failures="0" timestamp="4 Oct 2015 17:37:19 GMT" time="42.006" errors="0">
  <testcase name="sampleWebTableTest" time="42.006" classname="webtable.StaticWebtable3"/>
</testsuite> <!-- webtable.StaticWebtable3 -->
