<?xml version="1.0" encoding="UTF-8"?>
<!-- Generated by org.testng.reporters.JUnitReportReporter -->
<testsuite hostname="sainaresh-PC" name="com.mercury.testcases.MercuryInvalidLogin" tests="2" failures="0" timestamp="16 Nov 2015 20:56:07 GMT" time="66.657" errors="0">
  <testcase name="verifyinValidLogin" time="33.497" classname="com.mercury.testcases.MercuryInvalidLogin"/>
  <testcase name="verifyinValidLogin" time="33.160" classname="com.mercury.testcases.MercuryInvalidLogin"/>
</testsuite> <!-- com.mercury.testcases.MercuryInvalidLogin -->
