<?xml version="1.0" encoding="UTF-8"?>
<!-- Generated by org.testng.reporters.JUnitReportReporter -->
<testsuite hostname="sainaresh-PC" name="practicetestcases.Registerlink" tests="1" failures="0" timestamp="7 Oct 2015 17:44:29 GMT" time="24.091" errors="0">
  <testcase name="registerTest" time="24.091" classname="practicetestcases.Registerlink"/>
</testsuite> <!-- practicetestcases.Registerlink -->
