<?xml version="1.0" encoding="UTF-8"?>
<!-- Generated by org.testng.reporters.JUnitReportReporter -->
<testsuite hostname="sainaresh-PC" name="positivetesting.PositiveTesting" tests="1" failures="0" timestamp="6 Nov 2015 19:11:36 GMT" time="28.781" errors="0">
  <testcase name="positiveTest" time="28.781" classname="positivetesting.PositiveTesting"/>
</testsuite> <!-- positivetesting.PositiveTesting -->
