<?xml version="1.0" encoding="UTF-8"?>
<!-- Generated by org.testng.reporters.JUnitReportReporter -->
<testsuite hostname="sainaresh-PC" name="userinteractions.MouseOver" tests="1" failures="0" timestamp="1 Oct 2015 18:21:56 GMT" time="51.193" errors="0">
  <testcase name="mouseOver" time="51.193" classname="userinteractions.MouseOver"/>
</testsuite> <!-- userinteractions.MouseOver -->
