<?xml version="1.0" encoding="UTF-8"?>
<!-- Generated by org.testng.reporters.JUnitReportReporter -->
<testsuite hostname="sainaresh-PC" name="xpaths.XpathCreation" tests="1" failures="0" timestamp="29 Sep 2015 20:06:46 GMT" time="28.737" errors="0">
  <testcase name="xpathTesting" time="28.737" classname="xpaths.XpathCreation"/>
</testsuite> <!-- xpaths.XpathCreation -->
