<?xml version="1.0" encoding="UTF-8"?>
<!-- Generated by org.testng.reporters.JUnitReportReporter -->
<testsuite hostname="sainaresh-PC" name="gridpractice.GridTesting" tests="1" failures="0" timestamp="11 Nov 2015 08:05:12 GMT" time="35.700" errors="0">
  <testcase name="logintTest" time="35.700" classname="gridpractice.GridTesting"/>
</testsuite> <!-- gridpractice.GridTesting -->
