<?xml version="1.0" encoding="UTF-8"?>
<!-- Generated by org.testng.reporters.JUnitReportReporter -->
<testsuite hostname="sainaresh-PC" name="xloperations.XlWriteOperation" tests="1" failures="0" timestamp="5 Oct 2015 18:40:35 GMT" time="3.986" errors="0">
  <testcase name="xlWriteTest" time="3.986" classname="xloperations.XlWriteOperation"/>
</testsuite> <!-- xloperations.XlWriteOperation -->
