<?xml version="1.0" encoding="UTF-8"?>
<!-- Generated by org.testng.reporters.JUnitReportReporter -->
<testsuite hostname="sainaresh-PC" name="StaticWebtable2" tests="1" failures="0" timestamp="4 Oct 2015 17:17:09 GMT" time="73.639" errors="0">
  <testcase name="fullWebTableTest" time="73.639" classname="StaticWebtable2"/>
</testsuite> <!-- StaticWebtable2 -->
