<?xml version="1.0" encoding="UTF-8"?>
<!-- Generated by org.testng.reporters.JUnitReportReporter -->
<testsuite hostname="sainaresh-PC" name="com.mercury.testcases.ValidateRegisterLink" tests="1" failures="0" timestamp="16 Nov 2015 21:04:30 GMT" time="22.259" errors="0">
  <testcase name="validateRegisterLink" time="22.259" classname="com.mercury.testcases.ValidateRegisterLink"/>
</testsuite> <!-- com.mercury.testcases.ValidateRegisterLink -->
