<?xml version="1.0" encoding="UTF-8"?>
<!-- Generated by org.testng.reporters.JUnitReportReporter -->
<testsuite hostname="sainaresh-PC" name="gridpractice.ParallelTesting" tests="3" failures="0" timestamp="13 Nov 2015 17:20:47 GMT" time="336.013" errors="0">
  <testcase name="loginTest" time="157.577" classname="gridpractice.ParallelTesting"/>
  <testcase name="loginTest" time="93.104" classname="gridpractice.ParallelTesting"/>
  <testcase name="loginTest" time="85.332" classname="gridpractice.ParallelTesting"/>
</testsuite> <!-- gridpractice.ParallelTesting -->
