<?xml version="1.0" encoding="UTF-8"?>
<!-- Generated by org.testng.reporters.JUnitReportReporter -->
<testsuite hostname="sainaresh-PC" name="rummycircle.RummycircleLogin" tests="1" failures="0" timestamp="12 Nov 2015 18:16:15 GMT" time="64.787" errors="0">
  <testcase name="rummycircleLogin" time="64.787" classname="rummycircle.RummycircleLogin"/>
</testsuite> <!-- rummycircle.RummycircleLogin -->
