<?xml version="1.0" encoding="UTF-8"?>
<!-- Generated by org.testng.reporters.JUnitReportReporter -->
<testsuite hostname="sainaresh-PC" name="webtable.StaticWebtable" tests="1" failures="0" timestamp="11 Nov 2015 20:35:49 GMT" time="30.351" errors="0">
  <testcase name="webTableTest" time="30.351" classname="webtable.StaticWebtable"/>
</testsuite> <!-- webtable.StaticWebtable -->
