<?xml version="1.0" encoding="UTF-8"?>
<!-- Generated by org.testng.reporters.JUnitReportReporter -->
<testsuite hostname="sainaresh-PC" name="RadiobuttonTesting" tests="1" failures="0" timestamp="29 Sep 2015 18:02:30 GMT" time="71.252" errors="0">
  <testcase name="radioButtontest" time="71.252" classname="RadiobuttonTesting"/>
</testsuite> <!-- RadiobuttonTesting -->
