<?xml version="1.0" encoding="UTF-8"?>
<!-- Generated by org.testng.reporters.JUnitReportReporter -->
<testsuite hostname="sainaresh-PC" name="waittesting.WaitTesting1" tests="1" failures="0" timestamp="9 Nov 2015 10:20:08 GMT" time="50.363" errors="0">
  <testcase name="waitTest" time="50.363" classname="waittesting.WaitTesting1"/>
</testsuite> <!-- waittesting.WaitTesting1 -->
