<?xml version="1.0" encoding="UTF-8"?>
<!-- Generated by org.testng.reporters.JUnitReportReporter -->
<testsuite hostname="sainaresh-PC" name="xloperations.XlDropdownWrite" tests="1" failures="0" timestamp="5 Oct 2015 17:08:19 GMT" time="171.775" errors="0">
  <testcase name="xlDropdownTest" time="171.775" classname="xloperations.XlDropdownWrite"/>
</testsuite> <!-- xloperations.XlDropdownWrite -->
