<?xml version="1.0" encoding="UTF-8"?>
<!-- Generated by org.testng.reporters.JUnitReportReporter -->
<testsuite hostname="sainaresh-PC" name="jdbctesting.JdbcTesting1" tests="1" failures="0" timestamp="5 Nov 2015 20:31:30 GMT" time="31.021" errors="0">
  <testcase name="jdbcTest" time="31.021" classname="jdbctesting.JdbcTesting1"/>
</testsuite> <!-- jdbctesting.JdbcTesting1 -->
