<?xml version="1.0" encoding="UTF-8"?>
<!-- Generated by org.testng.reporters.JUnitReportReporter -->
<testsuite hostname="sainaresh-PC" name="xloperations.XlReadOperation" tests="1" failures="0" timestamp="5 Oct 2015 12:48:30 GMT" time="3.551" errors="0">
  <testcase name="xlReadTest" time="3.551" classname="xloperations.XlReadOperation"/>
</testsuite> <!-- xloperations.XlReadOperation -->
