<?xml version="1.0" encoding="UTF-8"?>
<!-- Generated by org.testng.reporters.JUnitReportReporter -->
<testsuite hostname="sainaresh-PC" name="Links.LinksTesting4" tests="1" failures="0" timestamp="28 Sep 2015 18:15:04 GMT" time="370.872" errors="0">
  <testcase name="radioTest" time="370.872" classname="Links.LinksTesting4"/>
</testsuite> <!-- Links.LinksTesting4 -->
