<?xml version="1.0" encoding="UTF-8"?>
<!-- Generated by org.testng.reporters.JUnitReportReporter -->
<testsuite hostname="sainaresh-PC" name="facebook.FacebookLogin" tests="1" failures="0" timestamp="11 Nov 2015 20:28:07 GMT" time="54.814" errors="0">
  <testcase name="loginTest" time="54.814" classname="facebook.FacebookLogin"/>
</testsuite> <!-- facebook.FacebookLogin -->
