<?xml version="1.0" encoding="UTF-8"?>
<!-- Generated by org.testng.reporters.JUnitReportReporter -->
<testsuite hostname="sainaresh-PC" name="datadriventesting.DataDriventest" tests="1" failures="0" timestamp="6 Oct 2015 18:28:34 GMT" time="77.919" errors="0">
  <testcase name="dataDriventest" time="77.919" classname="datadriventesting.DataDriventest"/>
</testsuite> <!-- datadriventesting.DataDriventest -->
