<?xml version="1.0" encoding="UTF-8"?>
<!-- Generated by org.testng.reporters.JUnitReportReporter -->
<testsuite hostname="sainaresh-PC" name="checkbox.CheckBoxTesting2" tests="1" failures="0" timestamp="30 Sep 2015 18:13:56 GMT" time="56.229" errors="0">
  <testcase name="checkBox" time="56.229" classname="checkbox.CheckBoxTesting2"/>
</testsuite> <!-- checkbox.CheckBoxTesting2 -->
