<?xml version="1.0" encoding="UTF-8"?>
<!-- Generated by org.testng.reporters.JUnitReportReporter -->
<testsuite hostname="sainaresh-PC" name="xpaths.XpathTesting2" tests="1" failures="0" timestamp="29 Sep 2015 18:54:39 GMT" time="40.956" errors="0">
  <testcase name="xpathTesting" time="40.956" classname="xpaths.XpathTesting2"/>
</testsuite> <!-- xpaths.XpathTesting2 -->
