<?xml version="1.0" encoding="UTF-8"?>
<!-- Generated by org.testng.reporters.JUnitReportReporter -->
<testsuite hostname="sainaresh-PC" name="gridpractice.GridTest2" tests="2" failures="0" timestamp="11 Nov 2015 20:20:31 GMT" time="43.524" errors="0">
  <testcase name="dropdownTest" time="22.925" classname="gridpractice.GridTest2"/>
  <testcase name="dropdownTest" time="20.599" classname="gridpractice.GridTest2"/>
</testsuite> <!-- gridpractice.GridTest2 -->
