<?xml version="1.0" encoding="UTF-8"?>
<!-- Generated by org.testng.reporters.JUnitReportReporter -->
<testsuite hostname="sainaresh-PC" name="xloperations.XlWebTable" tests="1" failures="0" timestamp="6 Oct 2015 17:26:04 GMT" time="47.441" errors="0">
  <testcase name="xlWebTableTest" time="47.441" classname="xloperations.XlWebTable"/>
</testsuite> <!-- xloperations.XlWebTable -->
