<?xml version="1.0" encoding="UTF-8"?>
<!-- Generated by org.testng.reporters.JUnitReportReporter -->
<testsuite hostname="sainaresh-PC" name="ajaxes.AjaxTesting" tests="1" failures="0" timestamp="11 Nov 2015 10:52:49 GMT" time="29.660" errors="0">
  <testcase name="ajaxTesting" time="29.660" classname="ajaxes.AjaxTesting"/>
</testsuite> <!-- ajaxes.AjaxTesting -->
