<?xml version="1.0" encoding="UTF-8"?>
<!-- Generated by org.testng.reporters.JUnitReportReporter -->
<testsuite hostname="sainaresh-PC" name="checkbox.CheckboTesting" tests="1" failures="0" timestamp="30 Sep 2015 18:01:11 GMT" time="338.108" errors="0">
  <testcase name="checkBox" time="338.108" classname="checkbox.CheckboTesting"/>
</testsuite> <!-- checkbox.CheckboTesting -->
